生成启动时间为 2016/10/11 15:39:37。
     1>项目“C:\Users\quhw16655.HS\documents\visual studio 2012\Projects\20161008algorithm\test\test.vcxproj”在节点 2 上(Build 个目标)。
     1>ClCompile:
         C:\Program Files (x86)\Microsoft Visual Studio 11.0\VC\bin\CL.exe /c /ZI /nologo /W3 /WX- /Od /Oy- /D WIN32 /D _DEBUG /D _CONSOLE /D _UNICODE /D UNICODE /Gm /EHsc /RTC1 /MDd /GS /fp:precise /Zc:wchar_t /Zc:forScope /Fo"Debug\\" /Fd"Debug\vc110.pdb" /Gd /TC /analyze- /errorReport:prompt test.c
         test.c
     1>c:\users\quhw16655.hs\documents\visual studio 2012\projects\20161008algorithm\test\test.c(2): error C2143: 语法错误 : 缺少“)”(在“&”的前面)
     1>c:\users\quhw16655.hs\documents\visual studio 2012\projects\20161008algorithm\test\test.c(2): error C2143: 语法错误 : 缺少“{”(在“&”的前面)
     1>c:\users\quhw16655.hs\documents\visual studio 2012\projects\20161008algorithm\test\test.c(2): error C2059: 语法错误:“&”
     1>c:\users\quhw16655.hs\documents\visual studio 2012\projects\20161008algorithm\test\test.c(2): error C2059: 语法错误:“)”
     1>c:\users\quhw16655.hs\documents\visual studio 2012\projects\20161008algorithm\test\test.c(16): warning C4013: “swap4”未定义；假设外部返回 int
     1>已完成生成项目“C:\Users\quhw16655.HS\documents\visual studio 2012\Projects\20161008algorithm\test\test.vcxproj”(Build 个目标)的操作 - 失败。

生成失败。

已用时间 00:00:00.90
